<?xml version="1.0" encoding="UTF-8"?>
<!-- Generated by org.testng.reporters.JUnitReportReporter -->
<testsuite hostname="mahe" failures="0" tests="1" name="com.ohrmapplicationtestcase.LogintpageAndValidation__TESTandFunctinality" time="6.155" errors="0" timestamp="2023-02-11T11:11:10 IST" skipped="0">
  <testcase classname="com.ohrmapplicationtestcase.LogintpageAndValidation__TESTandFunctinality" name="validationhomepage_loginpanel" time="6.155"/>
  <system-out/>
</testsuite> <!-- com.ohrmapplicationtestcase.LogintpageAndValidation__TESTandFunctinality -->
