<?xml version="1.0" encoding="UTF-8"?>
<!-- Generated by org.testng.reporters.JUnitReportReporter -->
<testsuite hostname="mahe" failures="0" tests="1" name="orangehrm.maven.add" time="5.839" errors="0" timestamp="2023-02-10T17:39:56 IST" skipped="0">
  <testcase classname="orangehrm.maven.add" name="applicationlaunch" time="5.839"/>
  <system-out/>
</testsuite> <!-- orangehrm.maven.add -->
