<?xml version="1.0" encoding="UTF-8"?>
<!-- Generated by org.testng.reporters.JUnitReportReporter -->
<testsuite hostname="mahe" failures="0" tests="1" name="com.orangehrm.Basetest" time="2.786" errors="0" timestamp="2023-01-25T17:32:05 IST" skipped="0">
  <testcase classname="com.orangehrm.Basetest" name="mahi" time="2.786"/>
  <system-out/>
</testsuite> <!-- com.orangehrm.Basetest -->
