<?xml version="1.0" encoding="UTF-8"?>
<!-- Generated by org.testng.reporters.JUnitReportReporter -->
<testsuite hostname="mahe" failures="0" tests="6" name="testNG.Annotations" time="0.039" errors="0" timestamp="2023-01-24T16:41:00 IST" skipped="1">
  <testcase classname="testNG.Annotations" name="gmailApplicationLaunch" time="0.030"/>
  <system-out/>
  <testcase classname="testNG.Annotations" name="gmainlINboxTest" time="0.002"/>
  <system-out/>
  <testcase classname="testNG.Annotations" name="gmailcomposemailTest" time="0.003"/>
  <system-out/>
  <testcase classname="testNG.Annotations" name="gmailApplicationClose" time="0.002"/>
  <system-out/>
  <testcase classname="testNG.Annotations" name="gmailDraftsTest" time="0.002"/>
  <system-out/>
  <testcase classname="testNG.Annotations" name="gmailsentmailTest">
    <skipped/>
  </testcase> <!-- gmailsentmailTest -->
  <system-out/>
</testsuite> <!-- testNG.Annotations -->
